2049.628022176244
2050.1179428237056
2049.4291752098447
2048.5144090128574
2050.1528282195322
2049.5921599191547
2049.665101871924
2049.891026248887
2050.356970738587
2048.3235104488995
2049.8242904190724
2048.792689064624
2047.6097792890353
2047.7149555951912
2049.028883362223
2049.7283615002484
2049.1761114864075
2049.2726278021455
2048.760682614459
2049.105481848257
2049.031341533932
2047.4587938572467
2049.2640840834597
2048.5633100362547
2050.1535715244827
2049.036377576772
2048.0355097803968
2048.7710145144342
2050.2511075290267
2048.5530045135492
2049.870179774057
2048.1078127869246
2050.307014124295
2049.7653952242126
2048.265413457204
2049.509262020016
2049.3604269386533
2048.8842809409425
2048.9980981083568
2048.810600060118
2049.3709057785777
2049.898407400682
2049.183915250194
2047.8693763223919
2047.5086069021156
2049.154111963997
2047.8109396518882
2049.1163042886415
2048.034081887285
2049.4884908593763
2049.0973555075875
2048.328279339549
2050.767425444086
2049.453143431142
2049.028903338818
2048.9792579659725
2047.892046734098
2050.423117975558
2048.7866506557743
2048.5916417662056
2047.9361192854715
2049.582951923384
2049.929441727874
2047.8190710141612
2049.880031236004
2048.338013633128
2049.101174840399
2048.7011326312863
2047.9530531180862
2048.9834616658195
2049.6977101322354
2049.704701729355
2049.2831796682776
2048.0756905607655
2048.4595907814223
2048.6394387032515
2048.934896222259
2049.1725602166907
2048.5237352908007
2049.7877575400953
2048.7966067866055
2049.2420398177237
2047.8959855475382
2048.6276538124416
2048.614006919113
2049.9297387862907
2049.8042230358433
2048.246423675436
2049.7354573130256
2049.376528552204
2049.355811809404
2048.7689154817986
2049.692956686547
2048.897016750503
2047.9054022981463
2050.4879987170534
2049.676772340753
2047.5878271028344
2049.242808779029
2048.0676102562384
2048.9014870213564
2048.8771507521114
2048.742950733417
2048.5366737014883
2049.0415559791077
2050.1514049446714
2048.9896076292944
2048.437812245386
2048.614491797856
2048.3729650111945
2048.4126478118988
2050.1759399601488
2051.032890224252
2048.282597719053
2048.9317764122347
2048.987375956872
2048.0246363335964
2048.815932359707
2050.3893202517406
2051.213792940848
2047.719241126455
2048.715978848891
2048.800991855429
2048.623471113082
2049.3691915750737
2048.112953078101
2049.1899565480944
2049.322573775897
2049.017547703969
2051.003347992946
2049.2943900373884
2049.7865279512707
2048.1847251180698
2049.771038151548
2049.070791712132
2049.8702578560797
2049.699352019988
2048.0854199503924
2049.435292801279
2048.7108054824744
2048.424823936961
2050.365832105002
2049.028675044156
2049.2995560450627
2048.9815550142025
2049.2448919781723
2049.3385479488306
2048.701616360538
2047.638207745572
2049.425011013327
2051.30141540049
2049.623016602713
2049.071798955799
2049.9788005286778
2048.721147222149
2048.3450788018927
2049.4960189833714
2048.8485663037354
2048.8563111739577
2047.140003845287
2050.826048773682
2050.501850727415
2048.3808770801165
2049.4558934464076
2049.1425121035195
2048.41173307883
2049.455334793729
2048.899304494312
2049.2886822575306
2048.5059508087265
2048.768970961905
2049.8563509528562
2048.871984435822
2047.8982366576577
2049.8545012756213
2048.1728305746196
2048.7068938579637
2048.5622810118966
2050.280000869574
2047.4245102833152
2049.8399212100358
2048.803070543992
2048.4684287854775
2048.615963193225
2049.1462665932268
2047.6767584656855
2048.9831764008377
2049.2473357029726
2050.767086147819
2049.381482039432
2048.453354134353
2049.1320098470705
2049.324664485366
2051.176636163783
2049.1984199928415
2048.2731838546088
2049.8880368708
2047.647836570386
2047.6645187397621
2048.5915515318725
2049.357255537408
2048.6173102649113
2049.82717389717
2049.364656491787
2047.3338284061272
2048.5735543402843
2048.3303856086777
2049.077235011008
2048.7799219776034
2046.216141515274
2049.0523000816006
2049.838295184289
2048.099620123183
2048.87391036694
2050.941813345987
2047.746255784848
2049.944795926268
2049.241084316383
2048.25763305626
2048.196276652891
2048.100247380053
2049.21038329216
2048.378290957226
2048.2448319051937
2048.624996818225
2049.058221307298
2049.5943581003803
2048.071225451154
2049.950727795563
2049.61610607557
2048.467138785175
2048.698152482846
2048.960331958285
2049.597527644568
2049.470282489371
2047.5657594046438
2048.709261018951
2050.7466532878543
2049.164055157904
2050.215041826496
2048.312195067036
2048.4156758447557
2049.862202180228
2049.058927080192
2049.7159938357468
2049.7162310620015
2049.342771821737
2049.4926343669786
2049.681699007096
2049.065003662015
2050.045374432445
2046.9396958291763
2050.0790408309626
2047.3744974168785
2047.968346778544
2048.5892014501605
2048.3739134009556
2048.20052469112
2048.3153324551135
2050.0337956868134
2048.2481865287473
2049.259274363627
2049.514214438497
2049.2495050919215
2049.049622457651
2049.248388789047
2048.970378845691
2048.179954612377
2050.372712136108
2048.2943580511064
2048.123462082432
2049.464014553211
2048.8954358106234
2049.3718767078785
2049.3741258053205
2050.005883644693
2050.0098573658347
2049.4703168277288
2048.3206689918156
2051.1623058301534
2050.8276004151767
2048.689027433465
2048.9407031666287
2048.5160037550586
2049.928716158536
2051.0005807677608
2048.8914526334706
2048.4184539149283
2048.1127591651657
2048.1981098258293
2050.191363238325
2049.8540389679006
2048.591104366887
2049.7280508183276
2049.4338034411608
2049.4127503353425
2050.3863932836275
2048.76967772129
2048.7629623545977
2048.633281904306
2049.103522016193
2049.5296126329713
2046.827820327883
2050.16390136945
2049.381038571745
2048.9573354525824
2049.419555239704
2048.983893829574
2049.2406867881245
2048.9101677946765
2047.9681909857452
2048.5193577453356
2049.1621921395217
2049.5712183452215
2049.9868574245043
2047.8060057775115
2049.783482231915
2049.0649581967314
2049.244430534345
2050.4406070034197
2049.375015225051
2049.645963927359
2049.6264804959005
2048.1594618976123
2050.09300861134
2048.2153653923638
2049.162134249413
2049.292062939606
2049.5504636594983
2050.615801297322
2049.0336362210164
2048.023855531073
2050.6460128532317
2048.371996040503
2050.7347251974074
2047.87694257701
2050.135751882996
2048.520516141289
2048.975993659453
2048.3124567697387
2048.852717343541
2047.2668228956318
2047.8410552937494
2048.4511635513422
2049.443307498996
2050.3046598803644
2049.030077273468
2050.111164673853
2049.8395541346285
2050.5587625761973
2047.7874778756895
2048.2868245790787
2048.8871003658555
2047.747069041651
2049.919939141929
2049.5182133055173
2049.1873348707554
2049.7493363337753
2048.590669412584
2050.066910379576
2049.4561227847694
2048.031781525703
2049.9101318797343
2050.1595477314036
2049.124790842398
2048.511275781412
2050.246315358023
2049.6126068976446
2049.1494235833143
2049.6530436785324
2049.0257471507152
2049.3390545794387
2048.3228712664045
2049.621520102357
2049.92552191959
2047.6111127755382
2048.5068670294154
2049.8448146530764
2047.4881724739435
2049.427025571467
2049.1570726690393
2047.5901014691713
2048.848650867501
2048.8137081316695
2050.891257891803
2048.940271463328
2049.7443066097107
2048.7147949068026
2048.6260726836126
2047.8832699229893
2050.4256433551095
2049.598058118817
2049.601664520833
2048.356570555332
2048.3726715979265
2049.341862192164
2047.9313850560013
2049.31550021501
2048.1376488195197
2049.9584432089405
2049.7428370908033
2048.502731811331
2050.6024872297276
2051.393970725262
2049.640144845707
2047.9146213127622
2048.279843580016
2050.488587196947
2050.711945054963
2049.416392058445
2048.2238268179767
2049.98839216272
2049.308373116572
2048.5711866366432
2047.8571004436096
2047.8754100405026
2051.349755810177
2047.7316904176892
2049.1976355908996
2049.4460368067093
2048.757825099593
2049.726431029078
2049.0018192235993
2049.852660109412
2049.2684512117416
2049.7680113772753
2047.4813483258213
2048.300998148173
2048.1559185499277
2048.4658505781613
2048.8658324516537
2047.677295914419
2049.876879357215
2049.1252717224847
2048.5895325394354
2048.451647813337
2048.228363906578
2048.268571671051
2049.1829392615036
2048.1438915387007
2048.6782349511623
2050.6642017829995
2047.9608657964995
2049.3862368571395
2049.27536003963
2049.058933212619
2049.121134576092
2049.299043313727
2048.4468261413454
2050.0785868294333
2049.5328492961903
2048.702677323027
2049.3551218770663
2048.6998764363098
2048.9121644511924
2047.9131675086792
2048.5510321732145
2047.5074527930524
2049.8706504565916
2049.6691325368292
2048.3828846863703
2048.196781945101
2049.908255534583
2048.8351049756507
2048.3420810175444
2049.572232860433
2049.0433422260585
2049.3999177488486
2049.341543098645
2049.635753397902
2049.055375026172
2048.960070265131
2048.5135859084453
2049.4497236503485
2049.988996172287
2048.402207414965
2048.631298287193
2049.194612853911
2048.7879277719967
2048.737043794231
2049.6489736986523
2050.0438691820873
2049.032355236707
2049.9787947415657
2048.270108178498
2047.4885107736031
2048.313680716064
2049.4900642060034
2050.829368947494
2050.050682318358
2047.6609164719032
2048.633487907999
2049.2208165623965
2049.201078180028
2048.5249277666376
2050.132060768392
2049.2556209344048
2049.282568132091
2048.9189544024703
2048.5133740793494
2049.657788766717
2047.6868345823336
2048.352850081096
2049.827145602445
2050.007154870639
2049.468170619432
2049.6024171825998
2049.002890082382
2048.893872152772
2047.9783417645504
2049.276553731102
2048.7521376163368
2048.979786264964
2048.954332544356
2048.6947610142115
2048.6303243731145
2048.363187082311
2049.7266849228563
2050.198248031332
2048.3285350858127
2050.0860818669257
2047.7196000940883
2049.1445726140796
2048.599599239607
2047.9457491917703
2048.3632862572153
2049.19161530697
2049.854936295376
2049.7548976960093
2047.9275700643404
2048.7605114079747
2048.8773132723923
2049.280160524184
2049.4717234731506
2048.076223014413
2049.493478220234
2049.0595347528674
2048.781226614616
2047.8364119724795
2048.820411378305
2049.8067085935095
2049.7015642942683
2048.7139549666663
2048.5740163290657
2049.757325169454
2048.058128701417
2050.4660482459367
2050.099539012507
2047.6890879324706
2048.5467981853744
2048.345827696103
2048.010966076878
2048.7580341956377
2048.1344505419556
2051.393406208933
2050.3089738704516
2050.167830071894
2048.311431988503
2049.613766248982
2049.5369830742557
2050.6949830044614
2048.549400936986
2048.2995879510654
2048.170602718077
2047.857749482898
2048.1845399558233
2047.4528014350753
2047.5749974246812
2048.8858888975965
2049.1012195551407
2048.5258891549106
2050.901211421718
2049.854971802304
2049.094987504134
2048.635911421673
2049.844741888103
2049.8241158405554
2049.8575308722816
2048.9666284626624
2049.5392310819825
2048.8616551311097
2049.627829292591
2049.1473321789776
2048.4955820122636
2048.3809588134136
2049.5974190535117
2048.4888811891974
2050.274728686792
2049.167689360021
2048.1107331178796
2048.9975530283964
2048.5186744059365
2048.226958468899
2048.8039588381675
2049.661319009103
2049.6611520826323
2050.9445870421587
2049.718451811653
2048.7673342237954
2049.696312541854
2048.014918495265
2049.2499314031165
2049.201926856937
2049.6236066619176
2047.1706222990267
2049.8541493749553
2047.6330589508561
2047.9960367390622
2047.1196009943856
2048.2863864597844
2049.4521771490868
2048.8260537759124
2048.585303659354
2048.0800844543273
2048.3488674088844
2047.4882458773618
2047.898163490626
2049.0207209488226
2048.801863426153
2048.5393459947304
2048.495168802487
2050.094276297775
2049.449765920352
2048.426280355987
2047.7091907620497
2049.442705208625
2048.712445277863
2049.2003847279625
2048.397439484727
2047.8697887618557
2048.9177930838905
2049.761227255132
2050.7464096461445
2050.3850478141653
2049.3703781017434
2049.5464126585557
2048.097155589882
2047.8969836789959
2049.714886291323
2047.5778278076655
2049.251169746185
2049.3518780736613
2048.417828472316
2049.1053015941898
2047.6980079565196
2049.1543284310337
2049.341638150572
2049.3926822811254
2048.288908918526
2049.574622953305
2049.3387440654815
2048.41983578278
2049.979196832149
2048.919066179421
2050.128786108858
2049.1170349752783
2048.0813758643535
2047.9688013731218
2049.585660617641
2048.3784683463355
2050.5039921749553
2049.3755411224556
2048.830572860498
2049.401322641761
2049.276802443026
2047.37161315261
2050.2337529994625
2049.4215330790203
2047.7416887818558
2049.276517468333
2048.7174896313695
2047.3584345395252
2048.8235450125494
2049.7427115755872
2049.217327608267
2048.473820822482
2049.9721983241075
2047.1877223595757
2048.7225218420626
2047.7597763563876
2049.267586766364
2047.8007582257655
2049.505067949278
2049.510038144872
2048.9341337381943
2048.766532128862
2048.8432449081774
2051.2871928632226
2048.9531894458346
2050.369152728642
2048.3503454373226
2048.357952733855
2050.808820289109
2049.4619350680014
2049.020611453718
2047.8532088614868
2049.710448926003
2050.8995912264304
2048.4714388456578
2049.4716348097822
2048.7107891684486
2049.629795555856
2049.4477898977366
2048.8522543277977
2048.64586529823
2049.415062235046
2049.698345786533
2049.148349075938
2050.2578389435976
2049.5681036036804
2049.144878055993
2046.9253107162679
2048.305406339021
2048.6028486714777
2048.0754183228055
2049.4988571403023
2049.4342865130566
2048.9927093046167
2048.885067074476
2049.0492544562717
2049.9689580513123
2050.1027416973784
2049.7934297925326
2049.6947074350664
2048.4374526503307
2048.4645870462227
2049.6166287216543
2048.9249277973454
2048.578864468381
2047.849921918495
2048.2694977247197
2048.829471278151
2049.6258586559484
2048.911378042917
2050.6791881527124
2048.1640872428497
2048.018561124791
2048.5916134846802
2049.4384641434967
2050.3461021471376
2050.2571782376626
2048.833450405438
2049.5667530259852
2048.5366153432224
2046.454632134951
2047.7769131086786
2049.846599735515
2049.1959370899954
2048.469040580071
2049.5168721695977
2048.694600301044
2049.732524331834
2049.677878548492
2049.4563438770774
2049.801932737503
2048.0598482951855
2047.4884873906033
2049.3228114077756
2049.8924825628224
2049.503968860884
2050.167589245957
2048.59170555691
2049.4701902308916
2049.6117281622032
2050.6211368877603
2047.6095267167361
2049.0621614106385
2049.8957464302716
2047.3300746748291
2049.759091846216
2050.134739930154
2049.261609095641
2047.3958261950763
2049.978104632996
2050.2172799482173
2049.0770578332445
2050.0015757947613
2048.476259551774
2048.750838459776
2048.8230842024145
2050.536289057364
2048.3190390144555
2048.4762603200793
2048.911370133644
2049.9420101709547
2047.807050812334
2048.9362093823124
2049.4646515820023
2050.267214798377
2050.052083958596
2049.800864159649
2048.446168919342
2048.860737616489
2050.0621206102905
2048.635987620001
2048.4531387150514
2049.3139255917554
2049.0151921399697
2047.6939248855501
2049.9018071892924
2050.815816532745
2049.576902815813
2049.7066585680054
2052.0050613073963
2049.326540800356
2048.696390480541
2048.147258317688
2049.1037570597587
2049.5616989728255
2048.875214756124
2048.5975191407692
2049.31633385356
2048.7319245509066
2049.1635473920915
2049.8511684253845
2048.7815039820234
2048.205366433557
2048.2077696765314
2048.59079891472
2049.1782514654396
2048.9368349176307
2049.364369345121
2048.8963230130194
2047.771926716915
2050.4719829053374
2048.711835010022
2050.043122508111
2048.787411291957
2049.4666322717144
2048.099560522811
2049.8514730643105
2048.4434957226263
2049.910841651362
2049.430224822506
2048.425656520711
2049.6406832834964
2049.885923191579
2048.2846738924495
2048.578535009734
2048.824682920746
2049.627762378885
2047.8084731567312
2047.7721204807713
2048.7092893663516
2049.7019264577953
2049.2796086614903
2048.1726629226073
2048.7935640476435
2048.796544572815
2048.481460600467
2048.3897619114896
2048.306723119023
2049.17995223186
2049.341570682242
2048.145700393498
2049.1287639840093
2048.1282825833136
2048.393844595541
2050.00660765154
2049.4681880469598
2049.6279407871743
2048.1794282529963
2048.6777901644577
2049.943242492842
2049.710183636709
2049.1430364770576
2048.250348548769
2050.8524466584336
2048.292165113897
2051.3160226203386
2050.259004607644
2049.6804308390633
2049.590449515233
2049.1358013481
2050.0359120337253
2048.378896573799
2048.6043682254235
2050.628790979289
2049.0086957429708
2051.178873790175
2048.4699988695083
2048.586843351367
2049.0519749660602
2048.812199805477
2049.3219667786802
2048.0593210300112
2049.6056974291832
2050.007494304067
2048.9679702370718
2048.1657048824586
2048.7146513699386
2050.9588367493593
2049.1296019345573
2047.7161336726722
2049.0706459927105
2048.940165969735
2047.8530903020937
2049.2293189669804
2048.560216564321
2050.072906069183
2047.2200187535236
2049.379092279833
2049.7340270335385
2049.9961578399334
2048.2039531969476
2050.4154496720703
2048.936900914823
2048.4451554099956
2050.9081018204374
2048.325042821617
2050.259537959684
2048.6889505528484
2049.0537840989546
2049.082292553241
2049.8346256136374
2048.7438489617384
2048.831702970742
2047.4883215979492
2049.883401279927
2048.379207556606
2049.6795151403167
2048.2371878693525
2049.1245051224846
2049.5393077174863
2048.6507191761816
2050.06392344943
2049.906528910949
2049.251826219268
2050.418600342972
2049.082752697235
2048.9071145731887
2049.3395037044447
2048.375424925497
2048.782597108288
2049.325114229656
2049.026821961495
2048.9478448833033
2049.1180203309596
2047.228576479554
2048.9045545781346
2050.570964101399
2049.1516876409223
2048.7605744127995
2049.65923741177
2048.832243694645
2049.0322747576365
2052.3867690789943
2049.399802360252
2048.7526962496386
2047.7996431541546
2049.305492933554
2048.7133573824526
2049.8431032213794
2049.1716504386122
2050.7839044882503
2048.8983596876637
2050.300883982609
2048.4038425234717
2049.24671886332
2048.6780675848686
2048.045835158938
2048.2985291541627
2048.3352452627046
2049.379613561244
2050.0527601675713
2050.237299687668
2050.034842948459
2049.0963964472367
2048.2994819979385
2049.25806991407
2049.3098390502983
2049.746193227332
2051.1878940520414
2050.560161247454
2049.7307504427536
2049.5405522712595
2049.0162724493384
2047.8415744193649
2049.9482070191093
2051.0441410502126
2050.548975252349
2050.603754950324
2050.4346807910197
2048.8439583578547
2047.9784397338867
2048.5346817107493
2048.9848767881167
2051.6284032652775
2052.3937467669903
2048.5023073396187
2049.267565040886
2049.984641814041
2051.1485809296773
2049.065438495327
2048.8967226169857
2048.0551425596673
2049.2429942680387
2048.9382157250707
2048.717531322684
2049.12936437718
2050.8486948248405
2047.9545261592793
2048.2676540935468
2049.7356909754917
2048.502624058919
2048.946407698655
2050.5760000570317
2050.0233047462802
2048.142061074346
2049.56163437268
2048.138517931255
2048.8387873032925
2048.0917457651226
2049.711889416376
2049.601259305362
2048.4446510616685
2049.603561783529
2049.312751045493
2048.519240227603
2049.380382158846
2048.9560464300903
2048.8203190798204
2048.4849777278996
2049.7998936264166
2048.8079957813525
2048.7753145199163
2050.374524332704
2048.322401486504
2048.5538330694617
2050.136220423301
2049.4079323284204
2048.03877871073
2049.0045906671107
2049.820332171549
2048.808320192241
2049.1752052825364
2047.5180640860494
2048.3463071254655
2049.4624698473044
2050.2817429624697
2049.467680398365
2049.314173538091
2049.512297995299
2048.716514895823
2049.212899381839
2049.6472439949775
2048.895948748494
2048.5364781847143
2049.745789903349
2049.755446533468
2049.6906727193905
2048.8914177741012
2049.986226411615
2049.781350521841
2048.7521870352716
2049.089314763497
2049.135413529948
2050.3187847107706
2048.384512797844
2048.686761296588
2048.2271933920306
2049.985116722807
2049.315418425321
2050.4755046137484
2052.3545034562853
2048.5869058302997
2048.893064403219
2049.0137710754375
2049.573877315355
2047.838450750994
2051.087059262894
2050.396808229006
2048.6983483969093
2049.601175887899
2049.936311258335
2047.8060624301459
2048.6589794888164
2047.9784048198685
2049.7077847639716
2047.547944630289
2048.9795414475802
2048.4781216842007
2049.382948435254
2048.493693078821
2048.630627815375
2049.1957835811554
2048.6302161830718
2048.4426479942344
2050.068630374696
2050.4955801286387
2049.6677141108407
2049.0613234110397
2049.496176257559
2047.965613862555
2048.014014361026
2049.2141709703783
2046.8371204504012
2048.445711655459
2050.639775716172
2048.74696564622
2049.8304568439853
2047.8624147812998
2049.4066761771974
2048.605089992056
2048.379521140848
2050.4305567945808
2049.5521492429157
2048.9309467083517
2049.250567675025
2048.7172259071094
2049.49501207745
2049.917940959377
2049.3481458777906
2049.0648400432146
2050.124743367415
2048.6073009501897
2048.6975162047247
2048.734723591162
2049.9684303116196
2049.764568459218
2049.3981549560585
2048.4223687889144
2051.088369831163
2049.207518749385
2049.4944746840492
